<?xml version="1.0" encoding="UTF-8"?>
<!-- Generated by org.testng.reporters.JUnitXMLReporter -->
<testsuite hostname="LAPTOP-N0K1MT3J" ignored="1" name="opencartloginPagetest" tests="2" failures="0" timestamp="03 Feb 2022 18:28:35 GMT" time="29.252" errors="0">
  <testcase name="loginpageTitleTest" time="0.052" classname="com.qa.opencart.tests.LoginPageTest"/>
  <testcase name="verifylogin" time="7.769" classname="com.qa.opencart.tests.LoginPageTest"/>
  <testcase name="loginpageUrlTest" time="0.0" classname="com.qa.opencart.tests.LoginPageTest">
    <ignored/>
  </testcase> <!-- loginpageUrlTest -->
</testsuite> <!-- opencartloginPagetest -->
