<?xml version="1.0" encoding="UTF-8"?>
<testsuite xmlns:xsi="http://www.w3.org/2001/XMLSchema-instance" xsi:noNamespaceSchemaLocation="https://maven.apache.org/surefire/maven-surefire-plugin/xsd/surefire-test-report.xsd" name="TestSuite" time="99.123" tests="14" errors="0" skipped="0" failures="3">
  <properties>
    <property name="java.runtime.name" value="Java(TM) SE Runtime Environment"/>
    <property name="sun.boot.library.path" value="C:\Program Files\Java\jdk1.8.0_301\jre\bin"/>
    <property name="java.vm.version" value="25.301-b09"/>
    <property name="java.vm.vendor" value="Oracle Corporation"/>
    <property name="maven.multiModuleProjectDirectory" value="C:\Users\eddan\eclipse-workspace\2022MavenProject"/>
    <property name="java.vendor.url" value="http://java.oracle.com/"/>
    <property name="path.separator" value=";"/>
    <property name="guice.disable.misplaced.annotation.check" value="true"/>
    <property name="java.vm.name" value="Java HotSpot(TM) 64-Bit Server VM"/>
    <property name="file.encoding.pkg" value="sun.io"/>
    <property name="user.script" value=""/>
    <property name="user.country" value="GB"/>
    <property name="sun.java.launcher" value="SUN_STANDARD"/>
    <property name="sun.os.patch.level" value=""/>
    <property name="java.vm.specification.name" value="Java Virtual Machine Specification"/>
    <property name="user.dir" value="C:\Users\eddan\eclipse-workspace\2022MavenProject"/>
    <property name="java.runtime.version" value="1.8.0_301-b09"/>
    <property name="java.awt.graphicsenv" value="sun.awt.Win32GraphicsEnvironment"/>
    <property name="java.endorsed.dirs" value="C:\Program Files\Java\jdk1.8.0_301\jre\lib\endorsed"/>
    <property name="os.arch" value="amd64"/>
    <property name="java.io.tmpdir" value="C:\Users\eddan\AppData\Local\Temp\"/>
    <property name="line.separator" value="&#10;"/>
    <property name="java.vm.specification.vendor" value="Oracle Corporation"/>
    <property name="user.variant" value=""/>
    <property name="os.name" value="Windows 10"/>
    <property name="classworlds.conf" value="C:\Users\eddan\Downloads\apache-maven-3.8.3-bin\apache-maven-3.8.3\bin\m2.conf"/>
    <property name="sun.jnu.encoding" value="Cp1252"/>
    <property name="java.library.path" value="C:\Program Files\Java\jdk1.8.0_301\bin;C:\Windows\Sun\Java\bin;C:\Windows\system32;C:\Windows;C:\Windows\system32;C:\Windows;C:\Windows\System32\Wbem;C:\Windows\System32\WindowsPowerShell\v1.0\;C:\Windows\System32\OpenSSH\;C:\Program Files\Git\cmd;C:\Program Files\Docker\Docker\resources\bin;C:\ProgramData\DockerDesktop\version-bin;C:\Program Files\Java\jdk1.8.0_301\bin;C:\Users\eddan\.m2;C:\Users\eddan\Downloads\apache-maven-3.8.3-bin\apache-maven-3.8.3\bin;C:\Program Files\Java\jdk1.8.0_301\bin;C:\Users\eddan\scoop\shims;C:\Program Files\MySQL\MySQL Shell 8.0\bin\;C:\Users\eddan\AppData\Local\Microsoft\WindowsApps;;."/>
    <property name="maven.conf" value="C:\Users\eddan\Downloads\apache-maven-3.8.3-bin\apache-maven-3.8.3/conf"/>
    <property name="java.specification.name" value="Java Platform API Specification"/>
    <property name="java.class.version" value="52.0"/>
    <property name="sun.management.compiler" value="HotSpot 64-Bit Tiered Compilers"/>
    <property name="os.version" value="10.0"/>
    <property name="library.jansi.path" value="C:\Users\eddan\Downloads\apache-maven-3.8.3-bin\apache-maven-3.8.3\lib\jansi-native"/>
    <property name="user.home" value="C:\Users\eddan"/>
    <property name="user.timezone" value="Europe/London"/>
    <property name="java.awt.printerjob" value="sun.awt.windows.WPrinterJob"/>
    <property name="java.specification.version" value="1.8"/>
    <property name="file.encoding" value="Cp1252"/>
    <property name="user.name" value="eddan"/>
    <property name="java.class.path" value="C:\Users\eddan\Downloads\apache-maven-3.8.3-bin\apache-maven-3.8.3\boot\plexus-classworlds-2.6.0.jar"/>
    <property name="java.vm.specification.version" value="1.8"/>
    <property name="sun.arch.data.model" value="64"/>
    <property name="java.home" value="C:\Program Files\Java\jdk1.8.0_301\jre"/>
    <property name="sun.java.command" value="org.codehaus.plexus.classworlds.launcher.Launcher clean install test"/>
    <property name="java.specification.vendor" value="Oracle Corporation"/>
    <property name="user.language" value="en"/>
    <property name="awt.toolkit" value="sun.awt.windows.WToolkit"/>
    <property name="java.vm.info" value="mixed mode"/>
    <property name="java.version" value="1.8.0_301"/>
    <property name="java.ext.dirs" value="C:\Program Files\Java\jdk1.8.0_301\jre\lib\ext;C:\Windows\Sun\Java\lib\ext"/>
    <property name="sun.boot.class.path" value="C:\Program Files\Java\jdk1.8.0_301\jre\lib\resources.jar;C:\Program Files\Java\jdk1.8.0_301\jre\lib\rt.jar;C:\Program Files\Java\jdk1.8.0_301\jre\lib\sunrsasign.jar;C:\Program Files\Java\jdk1.8.0_301\jre\lib\jsse.jar;C:\Program Files\Java\jdk1.8.0_301\jre\lib\jce.jar;C:\Program Files\Java\jdk1.8.0_301\jre\lib\charsets.jar;C:\Program Files\Java\jdk1.8.0_301\jre\lib\jfr.jar;C:\Program Files\Java\jdk1.8.0_301\jre\classes"/>
    <property name="sun.stderr.encoding" value="cp437"/>
    <property name="java.vendor" value="Oracle Corporation"/>
    <property name="maven.home" value="C:\Users\eddan\Downloads\apache-maven-3.8.3-bin\apache-maven-3.8.3"/>
    <property name="file.separator" value="\"/>
    <property name="java.vendor.url.bug" value="http://bugreport.sun.com/bugreport/"/>
    <property name="sun.cpu.endian" value="little"/>
    <property name="sun.io.unicode.encoding" value="UnicodeLittle"/>
    <property name="sun.stdout.encoding" value="cp437"/>
    <property name="sun.desktop" value="windows"/>
    <property name="sun.cpu.isalist" value="amd64"/>
  </properties>
  <testcase name="loginpageTitleTest" classname="com.qa.opencart.tests.LoginPageTest" time="0.154"/>
  <testcase name="verifylogin" classname="com.qa.opencart.tests.LoginPageTest" time="7.693"/>
  <testcase name="HomepageLogoTest" classname="com.qa.opencart.tests.AccountpageTest" time="0.131"/>
  <testcase name="AccountSectionTest" classname="com.qa.opencart.tests.AccountpageTest" time="0.503"/>
  <testcase name="DoSearchTest" classname="com.qa.opencart.tests.AccountpageTest" time="1.332"/>
  <testcase name="DoSearchTest" classname="com.qa.opencart.tests.AccountpageTest" time="2.222"/>
  <testcase name="DoSearchTest" classname="com.qa.opencart.tests.AccountpageTest" time="1.475"/>
  <testcase name="selectproductTest" classname="com.qa.opencart.tests.AccountpageTest" time="27.995"/>
  <testcase name="selectproductTest" classname="com.qa.opencart.tests.AccountpageTest" time="5.129"/>
  <testcase name="selectproductTest" classname="com.qa.opencart.tests.AccountpageTest" time="1.745">
    <failure message="expected [Samsung Sync] but found [Search - Samsung]" type="java.lang.AssertionError">java.lang.AssertionError: expected [Samsung Sync] but found [Search - Samsung]
	at com.qa.opencart.tests.AccountpageTest.selectproductTest(AccountpageTest.java:58)
</failure>
    <system-out><![CDATA[I am in onTestSuccess method selectproductTest succeed
I am in onTestStart method selectproductTest start
I am in onTestStart method selectproductTest start
I am in onTestFailure method selectproductTest failed
]]></system-out>
  </testcase>
  <testcase name="selectproductTest" classname="com.qa.opencart.tests.AccountpageTest" time="1.028">
    <failure message="expected [Apple Cinema 30] but found [Search - Apple]" type="java.lang.AssertionError">java.lang.AssertionError: expected [Apple Cinema 30] but found [Search - Apple]
	at com.qa.opencart.tests.AccountpageTest.selectproductTest(AccountpageTest.java:58)
</failure>
    <system-out><![CDATA[I am in onTestFailure method selectproductTest failed
I am in onTestStart method selectproductTest start
I am in onTestStart method selectproductTest start
I am in onTestFailure method selectproductTest failed
]]></system-out>
  </testcase>
  <testcase name="productHeaderTest" classname="com.qa.opencart.tests.ProductInfoPageTest" time="10.751"/>
  <testcase name="productImagesTest" classname="com.qa.opencart.tests.ProductInfoPageTest" time="5.795"/>
  <testcase name="productInfoTest" classname="com.qa.opencart.tests.ProductInfoPageTest" time="5.59">
    <failure message="The following asserts failed:&#10;	expected [MacBook Pro] but found [null]" type="java.lang.AssertionError">java.lang.AssertionError: 
The following asserts failed:
	expected [MacBook Pro] but found [null]
	at com.qa.opencart.tests.ProductInfoPageTest.productInfoTest(ProductInfoPageTest.java:40)
</failure>
    <system-out><![CDATA[I am in onTestSuccess method productImagesTest succeed
I am in onTestStart method productInfoTest start
I am in onTestStart method productInfoTest start
Brand:Apple
Product Code:Product 18
Reward Points:800
Availability:Out Of Stock
price:$2,000.00
exprice:Ex Tax: $2,000.00
I am in onTestFailure method productInfoTest failed
]]></system-out>
  </testcase>
</testsuite>