<?xml version="1.0" encoding="UTF-8"?>
<testsuite xmlns:xsi="http://www.w3.org/2001/XMLSchema-instance" xsi:noNamespaceSchemaLocation="https://maven.apache.org/surefire/maven-surefire-plugin/xsd/surefire-test-report.xsd" name="TestSuite" time="99.123" tests="14" errors="0" skipped="0" failures="3">
  <properties>
[...]
</properties>
  <testcase name="loginpageTitleTest" classname="com.qa.opencart.tests.LoginPageTest" time="0.154"/>
  <testcase name="verifylogin" classname="com.qa.opencart.tests.LoginPageTest" time="7.693"/>
  <testcase name="HomepageLogoTest" classname="com.qa.opencart.tests.AccountpageTest" time="0.131"/>
  <testcase name="AccountSectionTest" classname="com.qa.opencart.tests.AccountpageTest" time="0.503"/>
  <testcase name="DoSearchTest" classname="com.qa.opencart.tests.AccountpageTest" time="1.332"/>
  <testcase name="DoSearchTest" classname="com.qa.opencart.tests.AccountpageTest" time="2.222"/>
  <testcase name="DoSearchTest" classname="com.qa.opencart.tests.AccountpageTest" time="1.475"/>
  <testcase name="selectproductTest" classname="com.qa.opencart.tests.AccountpageTest" time="27.995"/>
  <testcase name="selectproductTest" classname="com.qa.opencart.tests.AccountpageTest" time="5.129"/>
  <testcase name="selectproductTest" classname="com.qa.opencart.tests.AccountpageTest" time="1.745">
    <failure message="expected [Samsung Sync] but found [Search - Samsung]" type="java.lang.AssertionError">java.lang.AssertionError: expected [Samsung Sync] but found [Search - Samsung]
	at com.qa.opencart.tests.AccountpageTest.selectproductTest(AccountpageTest.java:58)
</failure>
    <system-out><![CDATA[I am in onTestSuccess method selectproductTest succeed
I am in onTestStart method selectproductTest start
I am in onTestStart method selectproductTest start
I am in onTestFailure method selectproductTest failed
]]></system-out>
  </testcase>
  <testcase name="selectproductTest" classname="com.qa.opencart.tests.AccountpageTest" time="1.028">
    <failure message="expected [Apple Cinema 30] but found [Search - Apple]" type="java.lang.AssertionError">java.lang.AssertionError: expected [Apple Cinema 30] but found [Search - Apple]
	at com.qa.opencart.tests.AccountpageTest.selectproductTest(AccountpageTest.java:58)
</failure>
    <system-out><![CDATA[I am in onTestFailure method selectproductTest failed
I am in onTestStart method selectproductTest start
I am in onTestStart method selectproductTest start
I am in onTestFailure method selectproductTest failed
]]></system-out>
  </testcase>
  <testcase name="productHeaderTest" classname="com.qa.opencart.tests.ProductInfoPageTest" time="10.751"/>
  <testcase name="productImagesTest" classname="com.qa.opencart.tests.ProductInfoPageTest" time="5.795"/>
  <testcase name="productInfoTest" classname="com.qa.opencart.tests.ProductInfoPageTest" time="5.59">
    <failure message="The following asserts failed:&#10;	expected [MacBook Pro] but found [null]" type="java.lang.AssertionError">java.lang.AssertionError: 
The following asserts failed:
	expected [MacBook Pro] but found [null]
	at com.qa.opencart.tests.ProductInfoPageTest.productInfoTest(ProductInfoPageTest.java:40)
</failure>
    <system-out><![CDATA[I am in onTestSuccess method productImagesTest succeed
I am in onTestStart method productInfoTest start
I am in onTestStart method productInfoTest start
Brand:Apple
Product Code:Product 18
Reward Points:800
Availability:Out Of Stock
price:$2,000.00
exprice:Ex Tax: $2,000.00
I am in onTestFailure method productInfoTest failed
]]></system-out>
  </testcase>
</testsuite>